<?xml version="1.0" encoding="UTF-8"?>
<testng-results ignored="0" total="1" passed="1" failed="0" skipped="0">
  <reporter-output>
  </reporter-output>
  <suite started-at="2023-10-18T19:50:32 IST" name="Suite" finished-at="2023-10-18T19:50:37 IST" duration-ms="5664">
    <groups>
    </groups>
    <test started-at="2023-10-18T19:50:32 IST" name="Test" finished-at="2023-10-18T19:50:37 IST" duration-ms="5664">
      <class name="testngdemopackage.facebooklogin">
        <test-method is-config="true" signature="beforeTest()[pri:0, instance:testngdemopackage.facebooklogin@3c46e67a]" started-at="2023-10-18T19:50:32 IST" name="beforeTest" finished-at="2023-10-18T19:50:36 IST" duration-ms="4746" status="PASS">
          <reporter-output>
          </reporter-output>
        </test-method> <!-- beforeTest -->
        <test-method signature="f()[pri:0, instance:testngdemopackage.facebooklogin@3c46e67a]" started-at="2023-10-18T19:50:36 IST" name="f" finished-at="2023-10-18T19:50:37 IST" duration-ms="520" status="PASS">
          <reporter-output>
          </reporter-output>
        </test-method> <!-- f -->
        <test-method is-config="true" signature="afterTest()[pri:0, instance:testngdemopackage.facebooklogin@3c46e67a]" started-at="2023-10-18T19:50:37 IST" name="afterTest" finished-at="2023-10-18T19:50:37 IST" duration-ms="318" status="PASS">
          <reporter-output>
          </reporter-output>
        </test-method> <!-- afterTest -->
      </class> <!-- testngdemopackage.facebooklogin -->
    </test> <!-- Test -->
  </suite> <!-- Suite -->
</testng-results>
